2023-06-16T01:49:16.937Z - info: Initializing jsreport (version: 3.12.0, configuration file: jsreport.config.json, nodejs: 18.15.0)
2023-06-16T01:49:16.940Z - info: Searching for available extensions in C:\Users\Fazmin\Project\CRM-Smart-Industrade\report-nextjs\
2023-06-16T01:49:16.950Z - info: Extensions location cache doesn't contain entry yet, crawling
2023-06-16T01:49:18.629Z - info: Found 35 extension(s)
2023-06-16T01:49:19.204Z - info: Using extension base@3.0.1
2023-06-16T01:49:19.214Z - info: Using extension child-templates@3.1.0
2023-06-16T01:49:19.228Z - info: Using extension cli@3.2.3
2023-06-16T01:49:19.241Z - info: Using extension components@3.3.1
2023-06-16T01:49:19.258Z - info: Using extension data@3.1.0
2023-06-16T01:49:19.271Z - info: Using extension express@3.7.1
2023-06-16T01:49:22.748Z - info: Using extension freeze@3.0.1
2023-06-16T01:49:22.771Z - info: Using extension fs-store@3.2.5
2023-06-16T01:49:24.771Z - info: Using extension handlebars@3.2.1
2023-06-16T01:49:24.784Z - info: Using extension import-export@3.2.0
2023-06-16T01:49:24.902Z - info: Using extension jsrender@3.0.0
2023-06-16T01:49:24.909Z - info: Using extension licensing@3.0.3
2023-06-16T01:49:25.123Z - info: Using extension localization@3.2.2
2023-06-16T01:49:25.130Z - info: Using extension npm@3.2.0
2023-06-16T01:49:25.141Z - info: Using extension pdf-utils@3.9.0
2023-06-16T01:49:25.153Z - info: Using extension reports@3.1.1
2023-06-16T01:49:25.168Z - info: Using extension tags@3.1.1
2023-06-16T01:49:25.189Z - info: Using extension text@3.0.0
2023-06-16T01:49:25.196Z - info: Using extension version-control@3.1.2
2023-06-16T01:49:25.508Z - info: Using extension assets@3.6.1
2023-06-16T01:49:25.729Z - info: Using extension authorization@3.3.0
2023-06-16T01:49:25.779Z - info: Using extension browser-client@3.1.2
2023-06-16T01:49:25.820Z - info: Using extension chrome-pdf@3.3.0
2023-06-16T01:49:25.836Z - info: Using extension docx@3.7.2
2023-06-16T01:49:25.850Z - info: Using extension html-to-xlsx@3.3.1
2023-06-16T01:49:26.172Z - info: html-to-xlsx detected chrome as available html engine
2023-06-16T01:49:26.173Z - info: Using extension pptx@3.4.0
2023-06-16T01:49:26.184Z - info: Using extension scheduling@3.0.3
2023-06-16T01:49:26.459Z - info: Using extension scripts@3.4.1
2023-06-16T01:49:26.467Z - info: Using extension static-pdf@3.0.1
2023-06-16T01:49:26.474Z - info: Using extension studio@3.9.3
2023-06-16T01:49:27.111Z - info: Using extension xlsx@3.5.0
2023-06-16T01:49:27.479Z - info: Using extension public-templates@3.0.0
2023-06-16T01:49:27.492Z - info: Using extension sample-template@3.2.1
2023-06-16T01:49:27.504Z - info: Using extension studio-theme-dark@3.0.1
2023-06-16T01:49:27.518Z - info: Using general timeout for rendering (reportTimeout: 60000)
2023-06-16T01:49:27.519Z - info: Using fs provider for template store.
2023-06-16T01:49:27.525Z - info: fs store is persisting using fs for C:\Users\Fazmin\Project\CRM-Smart-Industrade\report-nextjs\data
2023-06-16T01:49:27.537Z - info: fs store is loading data
2023-06-16T01:49:27.545Z - info: fs store is initialized successfully
2023-06-16T01:49:27.627Z - info: Creating default express app.
2023-06-16T01:49:28.056Z - info: jsreport server successfully started on http port: 5488
2023-06-16T01:49:28.057Z - info: Verifying license key free
2023-06-16T01:49:28.059Z - info: Using free license
2023-06-16T01:49:28.085Z - info: Migrating templates chrome settings (waitForNetworkIddle -> waitForNetworkIdle)
2023-06-16T01:49:28.104Z - info: Migration successful
2023-06-16T01:49:28.342Z - info: Initializing worker threads
2023-06-16T01:49:29.939Z - info: 2 worker threads initialized in 1597ms
2023-06-16T01:49:29.940Z - info: Starting temp files cleanup with 180000ms threshold
2023-06-16T01:49:29.942Z - info: reporter initialized
2023-06-16T01:50:32.220Z - info: Initializing jsreport (version: 3.12.0, configuration file: jsreport.config.json, nodejs: 18.15.0)
2023-06-16T01:50:32.223Z - info: Searching for available extensions in C:\Users\Fazmin\Project\CRM-Smart-Industrade\report-nextjs\
2023-06-16T01:50:32.230Z - info: Extensions location cache contains up to date information, skipping crawling in C:\Users\Fazmin\Project\CRM-Smart-Industrade\report-nextjs\
2023-06-16T01:50:32.251Z - info: Found 35 extension(s)
2023-06-16T01:50:32.333Z - info: Using extension authentication@3.4.0
2023-06-16T01:50:34.747Z - info: Using extension base@3.0.1
2023-06-16T01:50:34.752Z - info: Using extension child-templates@3.1.0
2023-06-16T01:50:34.754Z - info: Using extension cli@3.2.3
2023-06-16T01:50:34.756Z - info: Using extension components@3.3.1
2023-06-16T01:50:34.758Z - info: Using extension data@3.1.0
2023-06-16T01:50:34.759Z - info: Using extension express@3.7.1
2023-06-16T01:50:35.069Z - info: Using extension freeze@3.0.1
2023-06-16T01:50:35.072Z - info: Using extension fs-store@3.2.5
2023-06-16T01:50:35.195Z - info: Using extension handlebars@3.2.1
2023-06-16T01:50:35.197Z - info: Using extension import-export@3.2.0
2023-06-16T01:50:35.217Z - info: Using extension jsrender@3.0.0
2023-06-16T01:50:35.219Z - info: Using extension licensing@3.0.3
2023-06-16T01:50:35.241Z - info: Using extension localization@3.2.2
2023-06-16T01:50:35.243Z - info: Using extension npm@3.2.0
2023-06-16T01:50:35.247Z - info: Using extension pdf-utils@3.9.0
2023-06-16T01:50:35.251Z - info: Using extension reports@3.1.1
2023-06-16T01:50:35.256Z - info: Using extension tags@3.1.1
2023-06-16T01:50:35.260Z - info: Using extension text@3.0.0
2023-06-16T01:50:35.262Z - info: Using extension version-control@3.1.2
2023-06-16T01:50:35.282Z - info: Using extension assets@3.6.1
2023-06-16T01:50:35.298Z - info: Using extension authorization@3.3.0
2023-06-16T01:50:35.308Z - info: Using extension browser-client@3.1.2
2023-06-16T01:50:35.311Z - info: Using extension chrome-pdf@3.3.0
2023-06-16T01:50:35.315Z - info: Using extension docx@3.7.2
2023-06-16T01:50:35.318Z - info: Using extension html-to-xlsx@3.3.1
2023-06-16T01:50:35.418Z - info: html-to-xlsx detected chrome as available html engine
2023-06-16T01:50:35.419Z - info: Using extension pptx@3.4.0
2023-06-16T01:50:35.422Z - info: Using extension scheduling@3.0.3
2023-06-16T01:50:35.452Z - info: Using extension scripts@3.4.1
2023-06-16T01:50:35.454Z - info: Using extension static-pdf@3.0.1
2023-06-16T01:50:35.455Z - info: Using extension studio@3.9.3
2023-06-16T01:50:35.549Z - info: Using extension xlsx@3.5.0
2023-06-16T01:50:35.578Z - info: Using extension public-templates@3.0.0
2023-06-16T01:50:35.580Z - info: Using extension sample-template@3.2.1
2023-06-16T01:50:35.583Z - info: Using extension studio-theme-dark@3.0.1
2023-06-16T01:50:35.585Z - info: Using general timeout for rendering (reportTimeout: 60000)
2023-06-16T01:50:35.586Z - info: Using fs provider for template store.
2023-06-16T01:50:35.592Z - info: fs store is persisting using fs for C:\Users\Fazmin\Project\CRM-Smart-Industrade\report-nextjs\data
2023-06-16T01:50:35.599Z - info: fs store is loading data
2023-06-16T01:50:35.619Z - info: fs store is initialized successfully
2023-06-16T01:50:35.638Z - info: Creating default express app.
2023-06-16T01:50:35.723Z - info: jsreport server successfully started on http port: 5488
2023-06-16T01:50:35.728Z - info: Verifying license key free
2023-06-16T01:50:35.729Z - info: Using free license
2023-06-16T01:50:35.733Z - info: Initializing worker threads
2023-06-16T01:50:36.045Z - info: 2 worker threads initialized in 312ms
2023-06-16T01:50:36.046Z - info: Starting temp files cleanup with 180000ms threshold
2023-06-16T01:50:36.047Z - info: reporter initialized
2023-06-16T01:50:45.384Z - info: Logging in user admin
2023-06-16T01:52:40.698Z - info: Render request 1 queued for execution and waiting for available worker rootId=vgdhzokn14hgyj1, id=vgdhzokn14hgyj1
2023-06-16T01:52:41.298Z - info: Starting rendering request 1 (user: admin) rootId=vgdhzokn14hgyj1, id=vgdhzokn14hgyj1
2023-06-16T01:52:41.298Z - info: Rendering anonymous template { recipe: chrome-pdf, engine: handlebars } rootId=vgdhzokn14hgyj1, id=vgdhzokn14hgyj1
2023-06-16T01:52:44.694Z - info: Rendering request 1 finished in 3996 ms rootId=vgdhzokn14hgyj1, id=vgdhzokn14hgyj1
2023-06-16T01:55:16.769Z - info: Render request 2 queued for execution and waiting for available worker rootId=22u2g9hv0s9k5dv, id=22u2g9hv0s9k5dv
2023-06-16T01:55:16.840Z - info: Starting rendering request 2 (user: admin) rootId=22u2g9hv0s9k5dv, id=22u2g9hv0s9k5dv
2023-06-16T01:55:16.841Z - info: Rendering anonymous template { recipe: chrome-pdf, engine: handlebars } rootId=22u2g9hv0s9k5dv, id=22u2g9hv0s9k5dv
2023-06-16T01:55:17.842Z - info: Rendering request 2 finished in 1073 ms rootId=22u2g9hv0s9k5dv, id=22u2g9hv0s9k5dv
2023-06-16T02:17:18.686Z - info: Initializing jsreport (version: 3.12.0, configuration file: jsreport.config.json, nodejs: 18.15.0)
2023-06-16T02:17:18.688Z - info: Searching for available extensions in C:\Users\Fazmin\Project\CRM-Smart-Industrade\report-nextjs\
2023-06-16T02:17:18.692Z - info: Extensions location cache C:\Users\Fazmin\AppData\Local\Temp\jsreport\core\locations.json contains older information, crawling
2023-06-16T02:17:20.864Z - info: Found 35 extension(s)
2023-06-16T02:17:20.969Z - info: Using extension authentication@3.4.0
2023-06-16T02:17:21.260Z - info: Using extension base@3.0.1
2023-06-16T02:17:21.264Z - info: Using extension child-templates@3.1.0
2023-06-16T02:17:21.265Z - info: Using extension cli@3.2.3
2023-06-16T02:17:21.267Z - info: Using extension components@3.3.1
2023-06-16T02:17:21.269Z - info: Using extension data@3.1.0
2023-06-16T02:17:21.270Z - info: Using extension express@3.7.1
2023-06-16T02:17:21.695Z - info: Using extension freeze@3.0.1
2023-06-16T02:17:21.697Z - info: Using extension fs-store@3.2.5
2023-06-16T02:17:21.832Z - info: Using extension handlebars@3.2.1
2023-06-16T02:17:21.834Z - info: Using extension import-export@3.2.0
2023-06-16T02:17:21.848Z - info: Using extension jsrender@3.0.0
2023-06-16T02:17:21.849Z - info: Using extension licensing@3.0.3
2023-06-16T02:17:21.899Z - info: Using extension localization@3.2.2
2023-06-16T02:17:21.900Z - info: Using extension npm@3.2.0
2023-06-16T02:17:21.904Z - info: Using extension pdf-utils@3.9.0
2023-06-16T02:17:21.907Z - info: Using extension reports@3.1.1
2023-06-16T02:17:21.910Z - info: Using extension tags@3.1.1
2023-06-16T02:17:21.914Z - info: Using extension text@3.0.0
2023-06-16T02:17:21.916Z - info: Using extension version-control@3.1.2
2023-06-16T02:17:21.938Z - info: Using extension assets@3.6.1
2023-06-16T02:17:21.958Z - info: Using extension authorization@3.3.0
2023-06-16T02:17:21.963Z - info: Using extension browser-client@3.1.2
2023-06-16T02:17:21.966Z - info: Using extension chrome-pdf@3.3.0
2023-06-16T02:17:21.971Z - info: Using extension docx@3.7.2
2023-06-16T02:17:21.974Z - info: Using extension html-to-xlsx@3.3.1
2023-06-16T02:17:22.116Z - info: html-to-xlsx detected chrome as available html engine
2023-06-16T02:17:22.117Z - info: Using extension pptx@3.4.0
2023-06-16T02:17:22.119Z - info: Using extension scheduling@3.0.3
2023-06-16T02:17:22.157Z - info: Using extension scripts@3.4.1
2023-06-16T02:17:22.160Z - info: Using extension static-pdf@3.0.1
2023-06-16T02:17:22.162Z - info: Using extension studio@3.9.3
2023-06-16T02:17:22.260Z - info: Using extension xlsx@3.5.0
2023-06-16T02:17:22.304Z - info: Using extension public-templates@3.0.0
2023-06-16T02:17:22.307Z - info: Using extension sample-template@3.2.1
2023-06-16T02:17:22.312Z - info: Using extension studio-theme-dark@3.0.1
2023-06-16T02:17:22.315Z - info: Using general timeout for rendering (reportTimeout: 60000)
2023-06-16T02:17:22.316Z - info: Using fs provider for template store.
2023-06-16T02:17:22.322Z - info: fs store is persisting using fs for C:\Users\Fazmin\Project\CRM-Smart-Industrade\report-nextjs\data
2023-06-16T02:17:22.329Z - info: fs store is loading data
2023-06-16T02:17:22.358Z - info: fs store is initialized successfully
2023-06-16T02:17:42.721Z - info: Initializing jsreport (version: 3.12.0, configuration file: jsreport.config.json, nodejs: 18.15.0)
2023-06-16T02:17:42.724Z - info: Searching for available extensions in C:\Users\Fazmin\Project\CRM-Smart-Industrade\report-nextjs\
2023-06-16T02:17:42.729Z - info: Extensions location cache contains up to date information, skipping crawling in C:\Users\Fazmin\Project\CRM-Smart-Industrade\report-nextjs\
2023-06-16T02:17:42.762Z - info: Found 35 extension(s)
2023-06-16T02:17:42.860Z - info: Using extension authentication@3.4.0
2023-06-16T02:17:43.058Z - info: Using extension base@3.0.1
2023-06-16T02:17:43.061Z - info: Using extension child-templates@3.1.0
2023-06-16T02:17:43.063Z - info: Using extension cli@3.2.3
2023-06-16T02:17:43.065Z - info: Using extension components@3.3.1
2023-06-16T02:17:43.067Z - info: Using extension data@3.1.0
2023-06-16T02:17:43.068Z - info: Using extension express@3.7.1
2023-06-16T02:17:43.326Z - info: Using extension freeze@3.0.1
2023-06-16T02:17:43.328Z - info: Using extension fs-store@3.2.5
2023-06-16T02:17:43.426Z - info: Using extension handlebars@3.2.1
2023-06-16T02:17:43.428Z - info: Using extension import-export@3.2.0
2023-06-16T02:17:43.436Z - info: Using extension jsrender@3.0.0
2023-06-16T02:17:43.437Z - info: Using extension licensing@3.0.3
2023-06-16T02:17:43.455Z - info: Using extension localization@3.2.2
2023-06-16T02:17:43.456Z - info: Using extension npm@3.2.0
2023-06-16T02:17:43.460Z - info: Using extension pdf-utils@3.9.0
2023-06-16T02:17:43.462Z - info: Using extension reports@3.1.1
2023-06-16T02:17:43.465Z - info: Using extension tags@3.1.1
2023-06-16T02:17:43.469Z - info: Using extension text@3.0.0
2023-06-16T02:17:43.471Z - info: Using extension version-control@3.1.2
2023-06-16T02:17:43.491Z - info: Using extension assets@3.6.1
2023-06-16T02:17:43.506Z - info: Using extension authorization@3.3.0
2023-06-16T02:17:43.510Z - info: Using extension browser-client@3.1.2
2023-06-16T02:17:43.512Z - info: Using extension chrome-pdf@3.3.0
2023-06-16T02:17:43.516Z - info: Using extension docx@3.7.2
2023-06-16T02:17:43.519Z - info: Using extension html-to-xlsx@3.3.1
2023-06-16T02:17:43.598Z - info: html-to-xlsx detected chrome as available html engine
2023-06-16T02:17:43.599Z - info: Using extension pptx@3.4.0
2023-06-16T02:17:43.601Z - info: Using extension scheduling@3.0.3
2023-06-16T02:17:43.629Z - info: Using extension scripts@3.4.1
2023-06-16T02:17:43.630Z - info: Using extension static-pdf@3.0.1
2023-06-16T02:17:43.632Z - info: Using extension studio@3.9.3
2023-06-16T02:17:43.708Z - info: Using extension xlsx@3.5.0
2023-06-16T02:17:43.733Z - info: Using extension public-templates@3.0.0
2023-06-16T02:17:43.735Z - info: Using extension sample-template@3.2.1
2023-06-16T02:17:43.738Z - info: Using extension studio-theme-dark@3.0.1
2023-06-16T02:17:43.740Z - info: Using general timeout for rendering (reportTimeout: 60000)
2023-06-16T02:17:43.740Z - info: Using fs provider for template store.
2023-06-16T02:17:43.745Z - info: fs store is persisting using fs for C:\Users\Fazmin\Project\CRM-Smart-Industrade\report-nextjs\data
2023-06-16T02:17:43.752Z - info: fs store is loading data
2023-06-16T02:17:43.776Z - info: fs store is initialized successfully
2023-06-16T02:17:43.798Z - info: Creating default express app.
2023-06-16T02:17:43.829Z - info: jsreport server successfully started on http port: 5488
2023-06-16T02:17:43.830Z - info: Verifying license key free
2023-06-16T02:17:43.837Z - info: Using free license
2023-06-16T02:17:43.843Z - info: Initializing worker threads
2023-06-16T02:17:44.327Z - info: 2 worker threads initialized in 484ms
2023-06-16T02:17:44.328Z - info: Starting temp files cleanup with 180000ms threshold
2023-06-16T02:17:44.329Z - info: reporter initialized
2023-06-16T02:43:37.443Z - info: Initializing jsreport (version: 3.12.0, configuration file: jsreport.config.json, nodejs: 18.15.0)
2023-06-16T02:43:37.446Z - info: Searching for available extensions in C:\Users\Fazmin\Project\CRM-Smart-Industrade\report-nextjs\
2023-06-16T02:43:37.456Z - info: Extensions location cache C:\Users\Fazmin\AppData\Local\Temp\jsreport\core\locations.json contains older information, crawling
2023-06-16T02:43:40.698Z - info: Found 35 extension(s)
2023-06-16T02:43:41.191Z - info: Using extension authentication@3.4.0
2023-06-16T02:43:43.394Z - info: Using extension base@3.0.1
2023-06-16T02:43:43.403Z - info: Using extension child-templates@3.1.0
2023-06-16T02:43:43.410Z - info: Using extension cli@3.2.3
2023-06-16T02:43:43.420Z - info: Using extension components@3.3.1
2023-06-16T02:43:43.435Z - info: Using extension data@3.1.0
2023-06-16T02:43:43.447Z - info: Using extension express@3.7.1
2023-06-16T02:43:46.935Z - info: Using extension freeze@3.0.1
2023-06-16T02:43:46.950Z - info: Using extension fs-store@3.2.5
2023-06-16T02:43:48.312Z - info: Using extension handlebars@3.2.1
2023-06-16T02:43:48.325Z - info: Using extension import-export@3.2.0
2023-06-16T02:43:48.437Z - info: Using extension jsrender@3.0.0
2023-06-16T02:43:48.444Z - info: Using extension licensing@3.0.3
2023-06-16T02:43:48.625Z - info: Using extension localization@3.2.2
2023-06-16T02:43:48.631Z - info: Using extension npm@3.2.0
2023-06-16T02:43:48.643Z - info: Using extension pdf-utils@3.9.0
2023-06-16T02:43:48.660Z - info: Using extension reports@3.1.1
2023-06-16T02:43:48.679Z - info: Using extension tags@3.1.1
2023-06-16T02:43:48.699Z - info: Using extension text@3.0.0
2023-06-16T02:43:48.706Z - info: Using extension version-control@3.1.2
2023-06-16T02:43:48.809Z - info: Using extension assets@3.6.1
2023-06-16T02:43:48.930Z - info: Using extension authorization@3.3.0
2023-06-16T02:43:48.976Z - info: Using extension browser-client@3.1.2
2023-06-16T02:43:49.045Z - info: Using extension chrome-pdf@3.3.0
2023-06-16T02:43:49.060Z - info: Using extension docx@3.7.2
2023-06-16T02:43:49.070Z - info: Using extension html-to-xlsx@3.3.1
2023-06-16T02:43:50.147Z - info: html-to-xlsx detected chrome as available html engine
2023-06-16T02:43:50.148Z - info: Using extension pptx@3.4.0
2023-06-16T02:43:50.158Z - info: Using extension scheduling@3.0.3
2023-06-16T02:43:50.402Z - info: Using extension scripts@3.4.1
2023-06-16T02:43:50.410Z - info: Using extension static-pdf@3.0.1
2023-06-16T02:43:50.417Z - info: Using extension studio@3.9.3
2023-06-16T02:43:51.067Z - info: Using extension xlsx@3.5.0
2023-06-16T02:43:51.447Z - info: Using extension public-templates@3.0.0
2023-06-16T02:43:51.460Z - info: Using extension sample-template@3.2.1
2023-06-16T02:43:51.472Z - info: Using extension studio-theme-dark@3.0.1
2023-06-16T02:43:51.486Z - info: Using general timeout for rendering (reportTimeout: 60000)
2023-06-16T02:43:51.487Z - info: Using fs provider for template store.
2023-06-16T02:43:51.493Z - info: fs store is persisting using fs for C:\Users\Fazmin\Project\CRM-Smart-Industrade\report-nextjs\data
2023-06-16T02:43:51.499Z - info: fs store is loading data
2023-06-16T02:43:51.605Z - info: fs store is initialized successfully
2023-06-16T02:43:51.625Z - info: Creating default express app.
2023-06-16T02:43:52.098Z - info: jsreport server successfully started on http port: 5488
2023-06-16T02:43:52.099Z - info: Verifying license key free
2023-06-16T02:43:52.104Z - info: Using free license
2023-06-16T02:43:52.110Z - info: Initializing worker threads
2023-06-16T02:43:53.531Z - info: 2 worker threads initialized in 1421ms
2023-06-16T02:43:53.532Z - info: Starting temp files cleanup with 180000ms threshold
2023-06-16T02:43:53.533Z - info: reporter initialized
2023-06-16T02:44:56.155Z - info: Render request 1 queued for execution and waiting for available worker rootId=ssxt18biel7tdxe, id=ssxt18biel7tdxe
2023-06-16T02:44:56.179Z - info: Starting rendering request 1 (user: admin) rootId=ssxt18biel7tdxe, id=ssxt18biel7tdxe
2023-06-16T02:44:56.180Z - info: Rendering template { name: invoice-main, recipe: chrome-pdf, engine: handlebars, preview: false } rootId=ssxt18biel7tdxe, id=ssxt18biel7tdxe
2023-06-16T02:45:01.232Z - info: Rendering request 1 finished in 5078 ms rootId=ssxt18biel7tdxe, id=ssxt18biel7tdxe
2023-06-16T02:45:01.383Z - info: Render request 2 queued for execution and waiting for available worker rootId=bebglt0q6sqhzyq, id=bebglt0q6sqhzyq
2023-06-16T02:45:01.408Z - info: Starting rendering request 2 (user: admin) rootId=bebglt0q6sqhzyq, id=bebglt0q6sqhzyq
2023-06-16T02:45:01.409Z - info: Rendering template { name: invoice-main, recipe: chrome-pdf, engine: handlebars, preview: false } rootId=bebglt0q6sqhzyq, id=bebglt0q6sqhzyq
2023-06-16T02:45:02.888Z - info: Rendering request 2 finished in 1505 ms rootId=bebglt0q6sqhzyq, id=bebglt0q6sqhzyq
2023-06-16T02:45:32.622Z - info: Render request 3 queued for execution and waiting for available worker rootId=dxdz0kr2ogix3rp, id=dxdz0kr2ogix3rp
2023-06-16T02:45:32.650Z - info: Starting rendering request 3 (user: admin) rootId=dxdz0kr2ogix3rp, id=dxdz0kr2ogix3rp
2023-06-16T02:45:32.651Z - info: Rendering template { name: invoice-main, recipe: chrome-pdf, engine: handlebars, preview: true } rootId=dxdz0kr2ogix3rp, id=dxdz0kr2ogix3rp
2023-06-16T02:45:32.978Z - info: Rendering request 3 finished in 356 ms rootId=dxdz0kr2ogix3rp, id=dxdz0kr2ogix3rp
