{"type":"operationStart","subtype":"profile","data":{"_id":"F3omBO5QHhVEYBza","timestamp":"2023-06-16T01:55:16.768Z","state":"queued","mode":"standard","creationDate":"2023-06-16T01:55:16.770Z","modificationDate":"2023-06-16T01:55:16.770Z","shortid":"-qQLclR","inheritedReadPermissions":[],"inheritedEditPermissions":[],"$entitySet":"profiles"},"doDiffs":false,"timestamp":1686880516769,"id":"xkjol69t74esux1","previousOperationId":null,"operationId":"0427m5vjfaztd0y"}
{"type":"log","level":"info","message":"Render request 2 queued for execution and waiting for available worker","previousOperationId":"0427m5vjfaztd0y","timestamp":1686880516769,"id":"xqb3weib4f2i135"}
{"type":"operationStart","subtype":"render","name":"anonymous","previousOperationId":"0427m5vjfaztd0y","timestamp":1686880516783,"id":"c9ivzwzkqimzvhx","previousEventId":"xkjol69t74esux1","operationId":"w7ueaik0y3n0c71"}
{"type":"log","timestamp":1686880516784,"level":"info","message":"Starting rendering request 2 (user: admin)","meta":{"rootId":"22u2g9hv0s9k5dv","id":"22u2g9hv0s9k5dv"},"id":"s83nlmxwg7w368k","previousOperationId":"w7ueaik0y3n0c71"}
{"type":"log","timestamp":1686880516785,"level":"info","message":"Rendering anonymous template { recipe: chrome-pdf, engine: handlebars }","meta":{"rootId":"22u2g9hv0s9k5dv","id":"22u2g9hv0s9k5dv"},"id":"c5vtn35zpr27zbl","previousOperationId":"w7ueaik0y3n0c71"}
{"type":"log","timestamp":1686880516786,"level":"debug","message":"Inline data specified.","meta":{"rootId":"22u2g9hv0s9k5dv","id":"22u2g9hv0s9k5dv"},"id":"jdfaccyn664tig3","previousOperationId":"w7ueaik0y3n0c71"}
{"type":"log","timestamp":1686880516790,"level":"debug","message":"Base url not specified, skipping its injection.","meta":{"rootId":"22u2g9hv0s9k5dv","id":"22u2g9hv0s9k5dv"},"id":"42w70g5o9vusxm5","previousOperationId":"w7ueaik0y3n0c71"}
{"type":"operationStart","subtype":"engine","name":"handlebars","timestamp":1686880516793,"id":"zbenl5wahhqq54m","previousEventId":"c9ivzwzkqimzvhx","operationId":"4u7pihx8b2c4cbh","previousOperationId":"w7ueaik0y3n0c71"}
{"type":"log","timestamp":1686880516793,"level":"debug","message":"Rendering engine handlebars","meta":{"rootId":"22u2g9hv0s9k5dv","id":"22u2g9hv0s9k5dv"},"id":"f8gr9e3uw5letkl","previousOperationId":"4u7pihx8b2c4cbh"}
{"type":"operationEnd","operationId":"4u7pihx8b2c4cbh","timestamp":1686880517373,"id":"zbchzclbvkrbjbd","previousEventId":"zbenl5wahhqq54m","previousOperationId":"4u7pihx8b2c4cbh"}
{"type":"operationStart","subtype":"recipe","name":"chrome-pdf","timestamp":1686880517374,"id":"d829djujwq58gm2","previousEventId":"zbchzclbvkrbjbd","operationId":"547m3984vepe82k","previousOperationId":"4u7pihx8b2c4cbh"}
{"type":"log","timestamp":1686880517374,"level":"debug","message":"Executing recipe chrome-pdf","meta":{"rootId":"22u2g9hv0s9k5dv","id":"22u2g9hv0s9k5dv"},"id":"dfkf6omd713fkv3","previousOperationId":"547m3984vepe82k"}
{"type":"log","timestamp":1686880517652,"level":"debug","message":"Converting with chrome HeadlessChrome/105.0.5173.0 using chrome-pool strategy","meta":{"rootId":"22u2g9hv0s9k5dv","id":"22u2g9hv0s9k5dv"},"id":"7k1gi6ezbotjgg8","previousOperationId":"547m3984vepe82k"}
{"type":"log","timestamp":1686880517789,"level":"debug","message":"Page request: GET (document) file:///C:/Users/Fazmin/AppData/Local/Temp/jsreport/autocleanup/87d0d2c7-4693-4250-85e3-1ca58f1e15a8-chrome-pdf.html","meta":{"rootId":"22u2g9hv0s9k5dv","id":"22u2g9hv0s9k5dv"},"id":"yjo5wnoxyu00l3x","previousOperationId":"547m3984vepe82k"}
{"type":"log","timestamp":1686880517803,"level":"debug","message":"Page request finished: GET (document) 200 file:///C:/Users/Fazmin/AppData/Local/Temp/jsreport/autocleanup/87d0d2c7-4693-4250-85e3-1ca58f1e15a8-chrome-pdf.html","meta":{"rootId":"22u2g9hv0s9k5dv","id":"22u2g9hv0s9k5dv"},"id":"0kfog2nbbeo4bw5","previousOperationId":"547m3984vepe82k"}
{"type":"log","timestamp":1686880517814,"level":"debug","message":"Running chrome with params {\"timeout\":59271,\"margin\":{},\"printBackground\":true}","meta":{"rootId":"22u2g9hv0s9k5dv","id":"22u2g9hv0s9k5dv"},"id":"ujwqvys06lye1kv","previousOperationId":"547m3984vepe82k"}
{"type":"operationEnd","operationId":"547m3984vepe82k","timestamp":1686880517839,"id":"hxgyteli9le4myb","previousEventId":"d829djujwq58gm2","previousOperationId":"547m3984vepe82k"}
{"type":"log","timestamp":1686880517840,"level":"debug","message":"Skipping storing report.","meta":{"rootId":"22u2g9hv0s9k5dv","id":"22u2g9hv0s9k5dv"},"id":"76ua9sr2rd481w2","previousOperationId":"547m3984vepe82k"}
{"type":"log","timestamp":1686880517840,"level":"info","message":"Rendering request 2 finished in 1073 ms","meta":{"rootId":"22u2g9hv0s9k5dv","id":"22u2g9hv0s9k5dv"},"id":"zl6742d52deai2d","previousOperationId":"547m3984vepe82k"}
{"type":"operationEnd","subtype":"render","operationId":"w7ueaik0y3n0c71","timestamp":1686880517840,"id":"cyybi0v63wprhj1","previousEventId":"hxgyteli9le4myb","previousOperationId":"547m3984vepe82k"}
{"type":"operationEnd","doDiffs":false,"previousEventId":"xkjol69t74esux1","previousOperationId":"0427m5vjfaztd0y","operationId":"0427m5vjfaztd0y","timestamp":1686880517844,"id":"ke9yik962hwjhx6"}
