{"type":"operationStart","subtype":"profile","data":{"_id":"YyAjJaIROWSfOLIq","timestamp":"2023-06-16T01:52:40.696Z","state":"queued","mode":"standard","creationDate":"2023-06-16T01:52:40.700Z","modificationDate":"2023-06-16T01:52:40.700Z","shortid":"s1Yk1Jl","inheritedReadPermissions":[],"inheritedEditPermissions":[],"$entitySet":"profiles"},"doDiffs":false,"timestamp":1686880360698,"id":"pw7ihvrh8tvrtwk","previousOperationId":null,"operationId":"ns8i0li0gro0apj"}
{"type":"log","level":"info","message":"Render request 1 queued for execution and waiting for available worker","previousOperationId":"ns8i0li0gro0apj","timestamp":1686880360698,"id":"rddab7zzsl7fslq"}
{"type":"operationStart","subtype":"render","name":"anonymous","previousOperationId":"ns8i0li0gro0apj","timestamp":1686880360732,"id":"1i6nj0bbvg3abs9","previousEventId":"pw7ihvrh8tvrtwk","operationId":"eos883h83yz315m"}
{"type":"log","timestamp":1686880360733,"level":"info","message":"Starting rendering request 1 (user: admin)","meta":{"rootId":"vgdhzokn14hgyj1","id":"vgdhzokn14hgyj1"},"id":"hvfn65apdrwwiw8","previousOperationId":"eos883h83yz315m"}
{"type":"log","timestamp":1686880360734,"level":"info","message":"Rendering anonymous template { recipe: chrome-pdf, engine: handlebars }","meta":{"rootId":"vgdhzokn14hgyj1","id":"vgdhzokn14hgyj1"},"id":"66c6zag5jmxs9lo","previousOperationId":"eos883h83yz315m"}
{"type":"log","timestamp":1686880360735,"level":"debug","message":"Inline data specified.","meta":{"rootId":"vgdhzokn14hgyj1","id":"vgdhzokn14hgyj1"},"id":"a9gxu880a5fkvci","previousOperationId":"eos883h83yz315m"}
{"type":"log","timestamp":1686880360741,"level":"debug","message":"Base url not specified, skipping its injection.","meta":{"rootId":"vgdhzokn14hgyj1","id":"vgdhzokn14hgyj1"},"id":"acv5c11irwqejnm","previousOperationId":"eos883h83yz315m"}
{"type":"operationStart","subtype":"engine","name":"handlebars","timestamp":1686880360743,"id":"5k4e5ee3mox2rxn","previousEventId":"1i6nj0bbvg3abs9","operationId":"rlie7jevy17dwyk","previousOperationId":"eos883h83yz315m"}
{"type":"log","timestamp":1686880360743,"level":"debug","message":"Rendering engine handlebars","meta":{"rootId":"vgdhzokn14hgyj1","id":"vgdhzokn14hgyj1"},"id":"r2gyddlf5ndlx1m","previousOperationId":"rlie7jevy17dwyk"}
{"type":"operationEnd","operationId":"rlie7jevy17dwyk","timestamp":1686880363674,"id":"fq6xspxr3smbcyz","previousEventId":"5k4e5ee3mox2rxn","previousOperationId":"rlie7jevy17dwyk"}
{"type":"operationStart","subtype":"recipe","name":"chrome-pdf","timestamp":1686880363675,"id":"vl7dmkt0b2ov0od","previousEventId":"fq6xspxr3smbcyz","operationId":"rlclclpphsocxed","previousOperationId":"rlie7jevy17dwyk"}
{"type":"log","timestamp":1686880363675,"level":"debug","message":"Executing recipe chrome-pdf","meta":{"rootId":"vgdhzokn14hgyj1","id":"vgdhzokn14hgyj1"},"id":"sirdtqgzgoxj61i","previousOperationId":"rlclclpphsocxed"}
{"type":"log","timestamp":1686880364386,"level":"debug","message":"Converting with chrome HeadlessChrome/105.0.5173.0 using chrome-pool strategy","meta":{"rootId":"vgdhzokn14hgyj1","id":"vgdhzokn14hgyj1"},"id":"bo9l6pyni8y6sei","previousOperationId":"rlclclpphsocxed"}
{"type":"log","timestamp":1686880364649,"level":"debug","message":"Page request: GET (document) file:///C:/Users/Fazmin/AppData/Local/Temp/jsreport/autocleanup/22af208f-4a43-46c6-ad78-7cca9d617621-chrome-pdf.html","meta":{"rootId":"vgdhzokn14hgyj1","id":"vgdhzokn14hgyj1"},"id":"gwvz3fk0g8rk258","previousOperationId":"rlclclpphsocxed"}
{"type":"log","timestamp":1686880364659,"level":"debug","message":"Page request finished: GET (document) 200 file:///C:/Users/Fazmin/AppData/Local/Temp/jsreport/autocleanup/22af208f-4a43-46c6-ad78-7cca9d617621-chrome-pdf.html","meta":{"rootId":"vgdhzokn14hgyj1","id":"vgdhzokn14hgyj1"},"id":"w60kp5vmkx7xlyv","previousOperationId":"rlclclpphsocxed"}
{"type":"log","timestamp":1686880364671,"level":"debug","message":"Running chrome with params {\"timeout\":56846,\"margin\":{},\"printBackground\":true}","meta":{"rootId":"vgdhzokn14hgyj1","id":"vgdhzokn14hgyj1"},"id":"aycfyarr0ul8opy","previousOperationId":"rlclclpphsocxed"}
{"type":"operationEnd","operationId":"rlclclpphsocxed","timestamp":1686880364689,"id":"x6be6xfagxwyrqw","previousEventId":"vl7dmkt0b2ov0od","previousOperationId":"rlclclpphsocxed"}
{"type":"log","timestamp":1686880364690,"level":"debug","message":"Skipping storing report.","meta":{"rootId":"vgdhzokn14hgyj1","id":"vgdhzokn14hgyj1"},"id":"mtju8b30rxzl8ff","previousOperationId":"rlclclpphsocxed"}
{"type":"log","timestamp":1686880364691,"level":"info","message":"Rendering request 1 finished in 3996 ms","meta":{"rootId":"vgdhzokn14hgyj1","id":"vgdhzokn14hgyj1"},"id":"slmmpmo0gdduqd4","previousOperationId":"rlclclpphsocxed"}
{"type":"operationEnd","subtype":"render","operationId":"eos883h83yz315m","timestamp":1686880364691,"id":"uk4nica8vrpqm1n","previousEventId":"x6be6xfagxwyrqw","previousOperationId":"rlclclpphsocxed"}
{"type":"operationEnd","doDiffs":false,"previousEventId":"pw7ihvrh8tvrtwk","previousOperationId":"ns8i0li0gro0apj","operationId":"ns8i0li0gro0apj","timestamp":1686880364697,"id":"og4zvvpan6slq9l"}
